ENTER: m_allocator()
00001 nge_timer.c(00016)::??                     malloc            :         40 bytes     
                                                                 OK:   00D31470 (hash: 327)
EXIT : m_allocator()
ENTER: m_allocator()
00002 nge_timer.c(00016)::??                     malloc            :         40 bytes     
                                                                 OK:   026D7FF0 (hash: 2047)
EXIT : m_allocator()
ENTER: m_allocator()
00003 nge_timer.c(00016)::??                     malloc            :         40 bytes     
                                                                 OK:   02722BE0 (hash: 702)
EXIT : m_allocator()
ENTER: m_allocator()
00004 nge_font_freetype.c(00072)::??             malloc            :         60 bytes     
                                                                 OK:   0277E9A0 (hash: 3738)
EXIT : m_allocator()
ENTER: m_allocator()
00005 nge_font_freetype.c(00094)::??             malloc            :      2,048 (   2.00K)
                                                                 OK:   066B6FA8 (hash: 1786)
EXIT : m_allocator()
ENTER: m_allocator()
00006 nge_image_load.c(02146)::??                malloc            :    178,386 ( 174.21K)
                                                                 OK:   066B7990 (hash: 1945)
EXIT : m_allocator()
ENTER: m_allocator()
00007 nge_image_load.c(00290)::??                malloc            :      1,920 (   1.88K)
                                                                 OK:   027A4890 (hash: 1161)
EXIT : m_allocator()
ENTER: m_allocator()
00008 nge_image_load.c(00303)::??                malloc            :  1,048,576 (1024.00K)
                                                                 OK:   0A4EA030 (hash: 2563)
EXIT : m_allocator()
ENTER: m_deallocator()
      nge_image_load.c(00341)::??                  free(  027A4890)
EXIT : m_deallocator()
ENTER: m_allocator()
00009 nge_image_load.c(00346)::??                malloc            :         52 bytes     
                                                                 OK:   0277EB40 (hash: 3764)
EXIT : m_allocator()
ENTER: m_deallocator()
      nge_image_load.c(02151)::??                  free(  066B7990)
EXIT : m_deallocator()
ENTER: m_deallocator()
      nge_image_load.c(02354)::??                  free(  0A4EA030)
EXIT : m_deallocator()
ENTER: m_deallocator()
      nge_image_load.c(02355)::??                  free(  0277EB40)
EXIT : m_deallocator()
ENTER: m_allocator()
00010 nge_image_load.c(00290)::??                malloc            :      1,920 (   1.88K)
                                                                 OK:   027BB840 (hash: 2948)
EXIT : m_allocator()
ENTER: m_allocator()
00011 nge_image_load.c(00303)::??                malloc            :  1,048,576 (1024.00K)
                                                                 OK:   0A4E6030 (hash: 1539)
EXIT : m_allocator()
ENTER: m_deallocator()
      nge_image_load.c(00341)::??                  free(  027BB840)
EXIT : m_deallocator()
ENTER: m_allocator()
00012 nge_image_load.c(00346)::??                malloc            :         52 bytes     
                                                                 OK:   0277EB40 (hash: 3764)
EXIT : m_allocator()
ENTER: m_allocator()
00013 nge_image_effect.c(00188)::??              malloc            :         68 bytes     
                                                                 OK:   02794448 (hash: 1092)
EXIT : m_allocator()
ENTER: m_allocator()
00014 nge_timer.c(00016)::??                     malloc            :         40 bytes     
                                                                 OK:   027BA6D8 (hash: 2669)
EXIT : m_allocator()
ENTER: m_deallocator()
      nge_timer.c(00030)::??                       free(  027BA6D8)
EXIT : m_deallocator()
ENTER: m_deallocator()
      nge_image_effect.c(00176)::??                free(  02794448)
EXIT : m_deallocator()
ENTER: m_allocator()
00015 nge_image_load.c(00290)::??                malloc            :        128 bytes     
                                                                 OK:   02746C58 (hash: 1733)
EXIT : m_allocator()
ENTER: m_allocator()
00016 nge_image_load.c(00303)::??                malloc            :      2,048 (   2.00K)
                                                                 OK:   027A4890 (hash: 1161)
EXIT : m_allocator()
ENTER: m_deallocator()
      nge_image_load.c(00341)::??                  free(  02746C58)
EXIT : m_deallocator()
ENTER: m_allocator()
00017 nge_image_load.c(00346)::??                malloc            :         52 bytes     
                                                                 OK:   0277EC10 (hash: 3777)
EXIT : m_allocator()
ENTER: m_allocator()
00018 nge_image_load.c(00290)::??                malloc            :        320 bytes     
                                                                 OK:   026ED2C8 (hash: 3372)
EXIT : m_allocator()
ENTER: m_allocator()
00019 nge_image_load.c(00303)::??                malloc            :     32,768 (  32.00K)
                                                                 OK:   066FAC70 (hash: 2759)
EXIT : m_allocator()
ENTER: m_deallocator()
      nge_image_load.c(00341)::??                  free(  026ED2C8)
EXIT : m_deallocator()
ENTER: m_allocator()
00020 nge_image_load.c(00346)::??                malloc            :         52 bytes     
                                                                 OK:   0277EC78 (hash: 3783)
EXIT : m_allocator()
ENTER: m_allocator()
00021 nge_image_load.c(00290)::??                malloc            :        320 bytes     
                                                                 OK:   026ED2C8 (hash: 3372)
EXIT : m_allocator()
ENTER: m_allocator()
00022 nge_image_load.c(00303)::??                malloc            :     32,768 (  32.00K)
                                                                 OK:   06704AE8 (hash: 1198)
EXIT : m_allocator()
ENTER: m_deallocator()
      nge_image_load.c(00341)::??                  free(  026ED2C8)
EXIT : m_deallocator()
ENTER: m_allocator()
00023 nge_image_load.c(00346)::??                malloc            :         52 bytes     
                                                                 OK:   026E2CA0 (hash: 714)
EXIT : m_allocator()
